<?xml version="1.0" encoding="UTF-8"?>
<!-- Generated by org.testng.reporters.JUnitReportReporter -->
<testsuite hostname="SABTHIKA" failures="1" tests="4" name="runner.LoginTestRunner" time="56.666" errors="0" timestamp="2025-09-08T10:49:13 IST" skipped="0">
  <testcase classname="runner.LoginTestRunner" name="runScenario" time="9.389"/>
  <testcase classname="runner.LoginTestRunner" name="runScenario" time="24.771"/>
  <testcase classname="runner.LoginTestRunner" name="runScenario" time="13.278">
    <failure message="Previous searches not in reverse chronological order. Displayed: [] expected [true] but found [false]" type="java.lang.AssertionError">
      <![CDATA[java.lang.AssertionError: Previous searches not in reverse chronological order. Displayed: [] expected [true] but found [false]
at org.testng.Assert.fail(Assert.java:111)
at org.testng.Assert.failNotEquals(Assert.java:1590)
at org.testng.Assert.assertTrue(Assert.java:57)
at stepdefinitions.SearchStepDef.the_previous_searches_should_be_listed_in_reverse_chronological_order(SearchStepDef.java:47)
at ✽.the previous searches should be listed in reverse chronological order(file:///C:/Users/sabth/Desktop/NoBroker_Testing/src/test/resources/features/home.feature:6)
]]>
    </failure>
  </testcase> <!-- runScenario -->
  <testcase classname="runner.LoginTestRunner" name="runScenario" time="9.228"/>
</testsuite> <!-- runner.LoginTestRunner -->
